2020-07-31 08:56:16,030 ERROR: Exception on /send_message/susan [POST] [in /home/dana/Стільниця/FLASK_MICROBLOG/env/lib/python3.7/site-packages/flask/app.py:1892]
Traceback (most recent call last):
  File "/home/dana/Стільниця/FLASK_MICROBLOG/env/lib/python3.7/site-packages/flask/app.py", line 2447, in wsgi_app
    response = self.full_dispatch_request()
  File "/home/dana/Стільниця/FLASK_MICROBLOG/env/lib/python3.7/site-packages/flask/app.py", line 1952, in full_dispatch_request
    rv = self.handle_user_exception(e)
  File "/home/dana/Стільниця/FLASK_MICROBLOG/env/lib/python3.7/site-packages/flask/app.py", line 1821, in handle_user_exception
    reraise(exc_type, exc_value, tb)
  File "/home/dana/Стільниця/FLASK_MICROBLOG/env/lib/python3.7/site-packages/flask/_compat.py", line 39, in reraise
    raise value
  File "/home/dana/Стільниця/FLASK_MICROBLOG/env/lib/python3.7/site-packages/flask/app.py", line 1950, in full_dispatch_request
    rv = self.dispatch_request()
  File "/home/dana/Стільниця/FLASK_MICROBLOG/env/lib/python3.7/site-packages/flask/app.py", line 1936, in dispatch_request
    return self.view_functions[rule.endpoint](**req.view_args)
  File "/home/dana/Стільниця/FLASK_MICROBLOG/env/lib/python3.7/site-packages/flask_login/utils.py", line 272, in decorated_view
    return func(*args, **kwargs)
  File "/home/dana/Стільниця/FLASK_MICROBLOG/microblog/app/main/routes.py", line 180, in send_message
    user.add_notification('unread_message_count', user.new_messages())
AttributeError: 'User' object has no attribute 'add_notification'
2020-07-31 08:56:47,416 INFO: Microblog startup [in /home/dana/Стільниця/FLASK_MICROBLOG/microblog/app/__init__.py:83]
2020-07-31 08:56:53,959 INFO: Microblog startup [in /home/dana/Стільниця/FLASK_MICROBLOG/microblog/app/__init__.py:83]
2020-07-31 08:57:18,018 INFO: Microblog startup [in /home/dana/Стільниця/FLASK_MICROBLOG/microblog/app/__init__.py:83]
2020-07-31 08:57:22,443 ERROR: Exception on /send_message/susan [POST] [in /home/dana/Стільниця/FLASK_MICROBLOG/env/lib/python3.7/site-packages/flask/app.py:1892]
Traceback (most recent call last):
  File "/home/dana/Стільниця/FLASK_MICROBLOG/env/lib/python3.7/site-packages/flask/app.py", line 2447, in wsgi_app
    response = self.full_dispatch_request()
  File "/home/dana/Стільниця/FLASK_MICROBLOG/env/lib/python3.7/site-packages/flask/app.py", line 1952, in full_dispatch_request
    rv = self.handle_user_exception(e)
  File "/home/dana/Стільниця/FLASK_MICROBLOG/env/lib/python3.7/site-packages/flask/app.py", line 1821, in handle_user_exception
    reraise(exc_type, exc_value, tb)
  File "/home/dana/Стільниця/FLASK_MICROBLOG/env/lib/python3.7/site-packages/flask/_compat.py", line 39, in reraise
    raise value
  File "/home/dana/Стільниця/FLASK_MICROBLOG/env/lib/python3.7/site-packages/flask/app.py", line 1950, in full_dispatch_request
    rv = self.dispatch_request()
  File "/home/dana/Стільниця/FLASK_MICROBLOG/env/lib/python3.7/site-packages/flask/app.py", line 1936, in dispatch_request
    return self.view_functions[rule.endpoint](**req.view_args)
  File "/home/dana/Стільниця/FLASK_MICROBLOG/env/lib/python3.7/site-packages/flask_login/utils.py", line 272, in decorated_view
    return func(*args, **kwargs)
  File "/home/dana/Стільниця/FLASK_MICROBLOG/microblog/app/main/routes.py", line 180, in send_message
    user.add_notification('unread_message_count', user.new_messages())
AttributeError: 'User' object has no attribute 'add_notification'
2020-07-31 12:00:10,434 INFO: Microblog startup [in /home/dana/Стільниця/FLASK_MICROBLOG/microblog/app/__init__.py:83]
2020-07-31 12:03:40,440 INFO: Microblog startup [in /home/dana/Стільниця/FLASK_MICROBLOG/microblog/app/__init__.py:83]
2020-07-31 12:04:04,824 ERROR: Exception on /send_message/susan [POST] [in /home/dana/Стільниця/FLASK_MICROBLOG/env/lib/python3.7/site-packages/flask/app.py:1892]
Traceback (most recent call last):
  File "/home/dana/Стільниця/FLASK_MICROBLOG/env/lib/python3.7/site-packages/flask/app.py", line 2447, in wsgi_app
    response = self.full_dispatch_request()
  File "/home/dana/Стільниця/FLASK_MICROBLOG/env/lib/python3.7/site-packages/flask/app.py", line 1952, in full_dispatch_request
    rv = self.handle_user_exception(e)
  File "/home/dana/Стільниця/FLASK_MICROBLOG/env/lib/python3.7/site-packages/flask/app.py", line 1821, in handle_user_exception
    reraise(exc_type, exc_value, tb)
  File "/home/dana/Стільниця/FLASK_MICROBLOG/env/lib/python3.7/site-packages/flask/_compat.py", line 39, in reraise
    raise value
  File "/home/dana/Стільниця/FLASK_MICROBLOG/env/lib/python3.7/site-packages/flask/app.py", line 1950, in full_dispatch_request
    rv = self.dispatch_request()
  File "/home/dana/Стільниця/FLASK_MICROBLOG/env/lib/python3.7/site-packages/flask/app.py", line 1936, in dispatch_request
    return self.view_functions[rule.endpoint](**req.view_args)
  File "/home/dana/Стільниця/FLASK_MICROBLOG/env/lib/python3.7/site-packages/flask_login/utils.py", line 272, in decorated_view
    return func(*args, **kwargs)
  File "/home/dana/Стільниця/FLASK_MICROBLOG/microblog/app/main/routes.py", line 180, in send_message
    user.add_notification('unread_message_count', user.new_messages())
AttributeError: 'User' object has no attribute 'add_notification'
2020-07-31 12:58:58,299 INFO: Microblog startup [in /home/dana/Стільниця/FLASK_MICROBLOG/microblog/app/__init__.py:83]
2020-07-31 13:00:12,080 INFO: Microblog startup [in /home/dana/Стільниця/FLASK_MICROBLOG/microblog/app/__init__.py:83]
2020-07-31 13:00:32,808 INFO: Microblog startup [in /home/dana/Стільниця/FLASK_MICROBLOG/microblog/app/__init__.py:83]
2020-07-31 13:29:48,921 INFO: Microblog startup [in /home/dana/Стільниця/FLASK_MICROBLOG/microblog/app/__init__.py:83]
2020-07-31 13:31:13,458 INFO: Microblog startup [in /home/dana/Стільниця/FLASK_MICROBLOG/microblog/app/__init__.py:83]
2020-07-31 13:31:57,858 INFO: Microblog startup [in /home/dana/Стільниця/FLASK_MICROBLOG/microblog/app/__init__.py:83]
2020-07-31 13:32:09,404 INFO: Microblog startup [in /home/dana/Стільниця/FLASK_MICROBLOG/microblog/app/__init__.py:83]
2020-07-31 13:32:21,821 INFO: Microblog startup [in /home/dana/Стільниця/FLASK_MICROBLOG/microblog/app/__init__.py:83]
2020-07-31 13:34:17,281 INFO: Microblog startup [in /home/dana/Стільниця/FLASK_MICROBLOG/microblog/app/__init__.py:83]
2020-07-31 13:34:31,472 INFO: Microblog startup [in /home/dana/Стільниця/FLASK_MICROBLOG/microblog/app/__init__.py:83]
2020-07-31 13:34:38,111 INFO: Microblog startup [in /home/dana/Стільниця/FLASK_MICROBLOG/microblog/app/__init__.py:83]
